{"uuid":"780a5895-5b15-40e5-b106-d094a77337ae","historyId":"bfa5aa0cc268304c4ca0a65e10545c4","fullName":"src/test/java/features/expressQuotationV2.feature:250","labels":[{"name":"tag","value":"Sprint31"},{"name":"host","value":"LAPTOP-EPB0EV60"},{"name":"thread","value":"9828@LAPTOP-EPB0EV60.main(1)"},{"name":"feature","value":"Express Quotation V2"},{"name":"story","value":"Verify User can view Policy Tab after making Payment."},{"name":"suite","value":"Express Quotation V2"},{"name":"testClass","value":"Verify User can view Policy Tab after making Payment."},{"name":"framework","value":"cucumber4jvm"},{"name":"language","value":"java"},{"name":"gherkin_uri","value":"file:///C:/Users/priya/Downloads/Adviser_Cucumber/src/test/java/features/expressQuotationV2.feature"},{"name":"package","value":"src.test.java.features.expressQuotationV2_feature.Express Quotation V2"}],"links":[],"name":"Verify User can view Policy Tab after making Payment.","status":"failed","statusDetails":{"known":false,"muted":false,"flaky":false,"message":"Issue Date is not the current date expected [08/02/2024] but found [05/02/2024]","trace":"java.lang.AssertionError: Issue Date is not the current date expected [08/02/2024] but found [05/02/2024]\r\n\tat org.testng.Assert.fail(Assert.java:110)\r\n\tat org.testng.Assert.failNotEquals(Assert.java:1413)\r\n\tat org.testng.Assert.assertEqualsImpl(Assert.java:149)\r\n\tat org.testng.Assert.assertEquals(Assert.java:131)\r\n\tat org.testng.Assert.assertEquals(Assert.java:655)\r\n\tat steps.ExpressQuotation.issueDateShouldBeTheCurrentDate(ExpressQuotation.java:1121)\r\n\tat ✽.Issue Date should be the current Date(file:///C:/Users/priya/Downloads/Adviser_Cucumber/src/test/java/features/expressQuotationV2.feature:245)\r\n"},"stage":"finished","steps":[{"name":"Given  User logs in","status":"passed","statusDetails":{"known":false,"muted":false,"flaky":false},"stage":"finished","steps":[],"attachments":[],"parameters":[],"start":1707363898939,"stop":1707363904367},{"name":"And  User Navigates to Hamburger","status":"passed","statusDetails":{"known":false,"muted":false,"flaky":false},"stage":"finished","steps":[],"attachments":[],"parameters":[],"start":1707363904498,"stop":1707363906077},{"name":"When  User navigates to Express Quotation V2","status":"passed","statusDetails":{"known":false,"muted":false,"flaky":false},"stage":"finished","steps":[],"attachments":[{"name":"Step Screenshot","source":"9d7268bf-5bca-413d-a4ea-0373d8264627-attachment.png","type":"image/png"}],"parameters":[],"start":1707363906218,"stop":1707363906573},{"name":"And  Gets Test Data from \"Adviser_TestData.xlsx\", \"ExpressQuot\" sheet and row number: \"32\"","status":"passed","statusDetails":{"known":false,"muted":false,"flaky":false},"stage":"finished","steps":[],"attachments":[],"parameters":[],"start":1707363906780,"stop":1707363906846},{"name":"When  User clicks on the Enquiry Page to view the list of Enquiries","status":"passed","statusDetails":{"known":false,"muted":false,"flaky":false},"stage":"finished","steps":[],"attachments":[{"name":"Step Screenshot","source":"20910df7-1b43-4d61-aeca-bfbb3e4a0d0f-attachment.png","type":"image/png"}],"parameters":[],"start":1707363907021,"stop":1707363908762},{"name":"And  User clicks on the newly created Enquiry","status":"passed","statusDetails":{"known":false,"muted":false,"flaky":false},"stage":"finished","steps":[],"attachments":[],"parameters":[],"start":1707363908901,"stop":1707363910497},{"name":"And  User clicks on the Policy Tab","status":"passed","statusDetails":{"known":false,"muted":false,"flaky":false},"stage":"finished","steps":[],"attachments":[],"parameters":[],"start":1707363910640,"stop":1707363911695},{"name":"Then  Issue Date should be the current Date","status":"failed","statusDetails":{"known":false,"muted":false,"flaky":false,"message":"Issue Date is not the current date expected [08/02/2024] but found [05/02/2024]","trace":"java.lang.AssertionError: Issue Date is not the current date expected [08/02/2024] but found [05/02/2024]\r\n\tat org.testng.Assert.fail(Assert.java:110)\r\n\tat org.testng.Assert.failNotEquals(Assert.java:1413)\r\n\tat org.testng.Assert.assertEqualsImpl(Assert.java:149)\r\n\tat org.testng.Assert.assertEquals(Assert.java:131)\r\n\tat org.testng.Assert.assertEquals(Assert.java:655)\r\n\tat steps.ExpressQuotation.issueDateShouldBeTheCurrentDate(ExpressQuotation.java:1121)\r\n\tat ✽.Issue Date should be the current Date(file:///C:/Users/priya/Downloads/Adviser_Cucumber/src/test/java/features/expressQuotationV2.feature:245)\r\n"},"stage":"finished","steps":[],"attachments":[{"name":"Step Screenshot","source":"77fecd3c-f80d-49e8-a47b-5aff6d5c9176-attachment.png","type":"image/png"}],"parameters":[],"start":1707363911836,"stop":1707363912015},{"name":"And  Expiry Date should be 364 days from the Effective Date","status":"skipped","statusDetails":{"known":false,"muted":false,"flaky":false},"stage":"finished","steps":[],"attachments":[],"parameters":[],"start":1707363912154,"stop":1707363912154}],"attachments":[],"parameters":[{"name":"file","value":"Adviser_TestData.xlsx"},{"name":"sheetName","value":"ExpressQuot"},{"name":"row","value":"32"}],"start":1707363895631,"stop":1707363912414}